-------------------------------------------------------------------------------
Test set: acmemedical.TestACMEMedicalSystem
-------------------------------------------------------------------------------
Tests run: 1, Failures: 1, Errors: 0, Skipped: 0, Time elapsed: 1.166 s <<< FAILURE! - in acmemedical.TestACMEMedicalSystem
acmemedical.TestACMEMedicalSystem.test01_all_physicians_with_adminrole  Time elapsed: 0.689 s  <<< FAILURE!
java.lang.AssertionError: 

Expected: is <200>
     but: was <404>
	at acmemedical.TestACMEMedicalSystem.test01_all_physicians_with_adminrole(TestACMEMedicalSystem.java:94)

